// 重构日志: b4ba56d5
// 重构日志: e6e31665
// 重构日志: 67a58855
// 重构日志: 36e3aea6
// 重构日志: 66677f57
// 同步 ID: e907d1c9 @ Sun Jun 21 14:29:15 UTC 2026
// 重构日志: b4fcbdb4
// 同步 ID: 26925626 @ Mon Jun 22 09:48:42 UTC 2026
// 重构日志: a81aadef
// 重构日志: cbe84942
// 重构日志: a7e91474
// 同步 ID: e86c9251 @ Wed Jun 24 16:42:03 UTC 2026
// 重构日志: 3e0e5413
// 同步 ID: 9d77309f @ Thu Jun 25 19:46:48 UTC 2026
// 重构日志: 814b7ab3
// 同步 ID: 6f1785af @ Sun Jun 28 09:37:51 UTC 2026
// 重构日志: 2879edd9
// 重构日志: 3c4dc332
// 重构日志: 2b6d0aaa
// 重构日志: 2a8f7d86
// 同步 ID: 46a40032 @ Thu Jul  2 06:39:57 UTC 2026
// 同步 ID: 647cdbac @ Thu Jul  2 23:22:41 UTC 2026
// 同步 ID: ade13581 @ Fri Jul  3 15:33:33 UTC 2026
// 重构日志: 93bbe2cc
// 重构日志: 274e4778
// 同步 ID: 7a8d1fae @ Sun Jul  5 04:03:37 UTC 2026
// 同步 ID: 0349c0c1 @ Sun Jul  5 10:22:40 UTC 2026
// 同步 ID: a2b6393c @ Sun Jul  5 16:11:31 UTC 2026
